  main.cpp
C:\Users\ccc98\source\repos\Tamagotchi\Tamagotchi\main.cpp(48,60): warning C4244: '인수': 'int'에서 'float'(으)로 변환하면서 데이터가 손실될 수 있습니다.
C:\Users\ccc98\source\repos\Tamagotchi\Tamagotchi\main.cpp(48,47): warning C4244: '인수': 'int'에서 'float'(으)로 변환하면서 데이터가 손실될 수 있습니다.
C:\Users\ccc98\source\repos\Tamagotchi\Tamagotchi\main.cpp(211,43): warning C4244: '인수': 'int'에서 'float'(으)로 변환하면서 데이터가 손실될 수 있습니다.
C:\Users\ccc98\source\repos\Tamagotchi\Tamagotchi\main.cpp(499,64): warning C4244: '인수': 'int'에서 'T'(으)로 변환하면서 데이터가 손실될 수 있습니다.
C:\Users\ccc98\source\repos\Tamagotchi\Tamagotchi\main.cpp(499,64): warning C4244:         with
C:\Users\ccc98\source\repos\Tamagotchi\Tamagotchi\main.cpp(499,64): warning C4244:         [
C:\Users\ccc98\source\repos\Tamagotchi\Tamagotchi\main.cpp(499,64): warning C4244:             T=float
C:\Users\ccc98\source\repos\Tamagotchi\Tamagotchi\main.cpp(499,64): warning C4244:         ]
C:\Users\ccc98\source\repos\Tamagotchi\Tamagotchi\main.cpp(505,58): warning C4244: '인수': 'int'에서 'T'(으)로 변환하면서 데이터가 손실될 수 있습니다.
C:\Users\ccc98\source\repos\Tamagotchi\Tamagotchi\main.cpp(505,58): warning C4244:         with
C:\Users\ccc98\source\repos\Tamagotchi\Tamagotchi\main.cpp(505,58): warning C4244:         [
C:\Users\ccc98\source\repos\Tamagotchi\Tamagotchi\main.cpp(505,58): warning C4244:             T=float
C:\Users\ccc98\source\repos\Tamagotchi\Tamagotchi\main.cpp(505,58): warning C4244:         ]
C:\Users\ccc98\source\repos\Tamagotchi\Tamagotchi\main.cpp(511,68): warning C4244: '인수': 'int'에서 'T'(으)로 변환하면서 데이터가 손실될 수 있습니다.
C:\Users\ccc98\source\repos\Tamagotchi\Tamagotchi\main.cpp(511,68): warning C4244:         with
C:\Users\ccc98\source\repos\Tamagotchi\Tamagotchi\main.cpp(511,68): warning C4244:         [
C:\Users\ccc98\source\repos\Tamagotchi\Tamagotchi\main.cpp(511,68): warning C4244:             T=float
C:\Users\ccc98\source\repos\Tamagotchi\Tamagotchi\main.cpp(511,68): warning C4244:         ]
C:\Users\ccc98\source\repos\Tamagotchi\Tamagotchi\main.cpp(517,66): warning C4244: '인수': 'int'에서 'T'(으)로 변환하면서 데이터가 손실될 수 있습니다.
C:\Users\ccc98\source\repos\Tamagotchi\Tamagotchi\main.cpp(517,66): warning C4244:         with
C:\Users\ccc98\source\repos\Tamagotchi\Tamagotchi\main.cpp(517,66): warning C4244:         [
C:\Users\ccc98\source\repos\Tamagotchi\Tamagotchi\main.cpp(517,66): warning C4244:             T=float
C:\Users\ccc98\source\repos\Tamagotchi\Tamagotchi\main.cpp(517,66): warning C4244:         ]
  Tamagotchi.vcxproj -> C:\Users\ccc98\source\repos\Tamagotchi\x64\Debug\Tamagotchi.exe
